Drill report for tinycalibrator.kicad_pcb
Created on Tue Sep 21 16:03:23 2021

Copper Layer Stackup:
    =============================================================
    L1 :  F.Cu                      front
    L2 :  B.Cu                      back


Drill file 'tinycalibrator.drl' contains
    plated through holes:
    =============================================================
    T1  0.400mm  0.0157"  (124 holes)
    T2  0.600mm  0.0236"  (4 holes)  (with 4 slots)
    T3  0.762mm  0.0300"  (4 holes)
    T4  0.800mm  0.0315"  (8 holes)
    T5  1.000mm  0.0394"  (14 holes)
    T6  1.016mm  0.0400"  (3 holes)
    T7  1.100mm  0.0433"  (2 holes)

    Total plated holes count 159


Not plated through holes are merged with plated holes
    unplated through holes:
    =============================================================
    T8  2.000mm  0.0787"  (4 holes)
    T9  3.200mm  0.1260"  (4 holes)

    Total unplated holes count 8
